  bash arg: -p
  bash arg: com.xuyutech.hongbaoshu
  bash arg: --throttle
  bash arg: 50
  bash arg: -v
  bash arg: 10000
args: [-p, com.xuyutech.hongbaoshu, --throttle, 50, -v, 10000]
 arg: "-p"
 arg: "com.xuyutech.hongbaoshu"
 arg: "--throttle"
 arg: "50"
 arg: "-v"
 arg: "10000"
data="com.xuyutech.hongbaoshu"
arg="--throttle" mCurArgData="null" mNextArg=3 argwas="--throttle" nextarg="50"
data="50"
:Monkey: seed=1768741752476 count=10000
:AllowPackage: com.xuyutech.hongbaoshu
:IncludeCategory: android.intent.category.LAUNCHER
:IncludeCategory: android.intent.category.MONKEY
// Event percentages:
//   0: 15.0%
//   1: 10.0%
//   2: 2.0%
//   3: 15.0%
//   4: -0.0%
//   5: -0.0%
//   6: 25.0%
//   7: 15.0%
//   8: 2.0%
//   9: 2.0%
//   10: 1.0%
//   11: 13.0%
:Switch: #Intent;action=android.intent.action.MAIN;category=android.intent.category.LAUNCHER;launchFlags=0x10200000;component=com.xuyutech.hongbaoshu/.MainActivity;end
    // Allowing start of Intent { act=android.intent.action.MAIN cat=[android.intent.category.LAUNCHER] cmp=com.xuyutech.hongbaoshu/.MainActivity } in package com.xuyutech.hongbaoshu
:Sending Trackball (ACTION_MOVE): 0:(0.0,-4.0)
:Sending Trackball (ACTION_MOVE): 0:(-1.0,4.0)
:Sending Trackball (ACTION_MOVE): 0:(2.0,-3.0)
:Sending Trackball (ACTION_MOVE): 0:(-5.0,-3.0)
:Sending Trackball (ACTION_MOVE): 0:(-3.0,1.0)
    //[calendar_time:2026-01-18 02:57:11.710  system_uptime:2314415]
    // Sending event #100
:Sending Trackball (ACTION_MOVE): 0:(1.0,-1.0)
:Switch: #Intent;action=android.intent.action.MAIN;category=android.intent.category.LAUNCHER;launchFlags=0x10200000;component=com.xuyutech.hongbaoshu/.MainActivity;end
    // Allowing start of Intent { act=android.intent.action.MAIN cat=[android.intent.category.LAUNCHER] cmp=com.xuyutech.hongbaoshu/.MainActivity } in package com.xuyutech.hongbaoshu
:Sending Trackball (ACTION_MOVE): 0:(0.0,1.0)
:Sending Trackball (ACTION_MOVE): 0:(4.0,3.0)
    //[calendar_time:2026-01-18 02:57:12.816  system_uptime:2315520]
    // Sending event #200
:Sending Trackball (ACTION_MOVE): 0:(1.0,-4.0)
:Sending Trackball (ACTION_MOVE): 0:(-5.0,-5.0)
:Sending Trackball (ACTION_MOVE): 0:(-3.0,-1.0)
:Sending Trackball (ACTION_MOVE): 0:(2.0,-1.0)
:Sending Trackball (ACTION_MOVE): 0:(-3.0,-4.0)
    //[calendar_time:2026-01-18 02:57:13.801  system_uptime:2316504]
    // Sending event #300
:Sending Trackball (ACTION_MOVE): 0:(-4.0,-1.0)
:Sending Trackball (ACTION_UP): 0:(0.0,0.0)
:Sending Trackball (ACTION_MOVE): 0:(0.0,-1.0)
:Sending Trackball (ACTION_MOVE): 0:(-5.0,2.0)
:Sending Trackball (ACTION_MOVE): 0:(-3.0,-5.0)
:Sending Trackball (ACTION_MOVE): 0:(4.0,1.0)
    //[calendar_time:2026-01-18 02:57:14.835  system_uptime:2317539]
    // Sending event #400
:Sending Trackball (ACTION_MOVE): 0:(-5.0,-3.0)
:Sending Trackball (ACTION_MOVE): 0:(-4.0,-3.0)
:Sending Trackball (ACTION_MOVE): 0:(1.0,-5.0)
:Switch: #Intent;action=android.intent.action.MAIN;category=android.intent.category.LAUNCHER;launchFlags=0x10200000;component=com.xuyutech.hongbaoshu/.MainActivity;end
    // Allowing start of Intent { act=android.intent.action.MAIN cat=[android.intent.category.LAUNCHER] cmp=com.xuyutech.hongbaoshu/.MainActivity } in package com.xuyutech.hongbaoshu
:Sending Trackball (ACTION_MOVE): 0:(-2.0,-4.0)
    //[calendar_time:2026-01-18 02:57:17.234  system_uptime:2319939]
    // Sending event #500
:Switch: #Intent;action=android.intent.action.MAIN;category=android.intent.category.LAUNCHER;launchFlags=0x10200000;component=com.xuyutech.hongbaoshu/.MainActivity;end
    // Allowing start of Intent { act=android.intent.action.MAIN cat=[android.intent.category.LAUNCHER] cmp=com.xuyutech.hongbaoshu/.MainActivity } in package com.xuyutech.hongbaoshu
:Sending Trackball (ACTION_MOVE): 0:(2.0,-5.0)
:Sending Trackball (ACTION_MOVE): 0:(1.0,-4.0)
:Sending Trackball (ACTION_UP): 0:(0.0,0.0)
:Sending Trackball (ACTION_MOVE): 0:(-1.0,1.0)
:Switch: #Intent;action=android.intent.action.MAIN;category=android.intent.category.LAUNCHER;launchFlags=0x10200000;component=com.xuyutech.hongbaoshu/.MainActivity;end
    // Allowing start of Intent { act=android.intent.action.MAIN cat=[android.intent.category.LAUNCHER] cmp=com.xuyutech.hongbaoshu/.MainActivity } in package com.xuyutech.hongbaoshu
:Sending Trackball (ACTION_MOVE): 0:(-5.0,-2.0)
    //[calendar_time:2026-01-18 02:57:18.571  system_uptime:2321275]
    // Sending event #600
    // Rejecting start of Intent { act=android.intent.action.CALL_BUTTON cmp=com.google.android.dialer/com.android.dialer.main.impl.MainActivity } in package com.google.android.dialer
    //[calendar_time:2026-01-18 02:57:18.622  system_uptime:2321325]
    // Sending event #600
:Sending Trackball (ACTION_MOVE): 0:(0.0,-1.0)
:Sending Trackball (ACTION_MOVE): 0:(-2.0,-1.0)
:Sending Trackball (ACTION_UP): 0:(0.0,0.0)
:Sending Trackball (ACTION_MOVE): 0:(-5.0,0.0)
    // Rejecting start of Intent { act=android.settings.NOTIFICATION_SETTINGS cmp=com.android.settings/.Settings$ConfigureNotificationSettingsActivity } in package com.android.settings
:Switch: #Intent;action=android.intent.action.MAIN;category=android.intent.category.LAUNCHER;launchFlags=0x10200000;component=com.xuyutech.hongbaoshu/.MainActivity;end
    // Allowing start of Intent { act=android.intent.action.MAIN cat=[android.intent.category.LAUNCHER] cmp=com.xuyutech.hongbaoshu/.MainActivity } in package com.xuyutech.hongbaoshu
:Sending Flip keyboardOpen=false
Got IOException performing flipjava.io.FileNotFoundException: /dev/input/event0: open failed: EACCES (Permission denied)
    // Injection Failed
:Sending Trackball (ACTION_MOVE): 0:(1.0,-2.0)
:Sending Trackball (ACTION_UP): 0:(0.0,0.0)
:Sending Trackball (ACTION_MOVE): 0:(0.0,0.0)
    // Rejecting start of Intent { act=com.android.intent.action.SHOW_BRIGHTNESS_DIALOG cmp=com.android.systemui/.settings.brightness.BrightnessDialog } in package com.android.systemui
    //[calendar_time:2026-01-18 02:57:20.192  system_uptime:2322895]
    // Sending event #700
:Sending Trackball (ACTION_MOVE): 0:(3.0,4.0)
:Sending Flip keyboardOpen=true
Got IOException performing flipjava.io.FileNotFoundException: /dev/input/event0: open failed: EACCES (Permission denied)
    // Injection Failed
:Sending Trackball (ACTION_MOVE): 0:(-5.0,-2.0)
    //[calendar_time:2026-01-18 02:57:21.490  system_uptime:2324195]
    // Sending event #800
    //[calendar_time:2026-01-18 02:57:21.541  system_uptime:2324245]
    // Sending event #800
:Sending Trackball (ACTION_MOVE): 0:(1.0,-1.0)
:Sending Trackball (ACTION_MOVE): 0:(0.0,-5.0)
:Sending Trackball (ACTION_MOVE): 0:(0.0,0.0)
    //[calendar_time:2026-01-18 02:57:22.896  system_uptime:2325600]
    // Sending event #900
:Sending Trackball (ACTION_MOVE): 0:(4.0,2.0)
:Sending Trackball (ACTION_MOVE): 0:(-4.0,-1.0)
:Sending Trackball (ACTION_MOVE): 0:(-4.0,-5.0)
:Sending Trackball (ACTION_MOVE): 0:(2.0,-4.0)
:Sending Flip keyboardOpen=false
Got IOException performing flipjava.io.FileNotFoundException: /dev/input/event0: open failed: EACCES (Permission denied)
    // Injection Failed
    //[calendar_time:2026-01-18 02:57:24.364  system_uptime:2327068]
    // Sending event #1000
:Sending Trackball (ACTION_MOVE): 0:(-5.0,-2.0)
:Sending Trackball (ACTION_MOVE): 0:(4.0,-2.0)
:Sending Trackball (ACTION_MOVE): 0:(-1.0,3.0)
:Sending Trackball (ACTION_MOVE): 0:(-2.0,3.0)
:Sending Trackball (ACTION_MOVE): 0:(-3.0,-5.0)
:Sending Trackball (ACTION_MOVE): 0:(1.0,-3.0)
:Switch: #Intent;action=android.intent.action.MAIN;category=android.intent.category.LAUNCHER;launchFlags=0x10200000;component=com.xuyutech.hongbaoshu/.MainActivity;end
    // Allowing start of Intent { act=android.intent.action.MAIN cat=[android.intent.category.LAUNCHER] cmp=com.xuyutech.hongbaoshu/.MainActivity } in package com.xuyutech.hongbaoshu
    //[calendar_time:2026-01-18 02:57:25.350  system_uptime:2328053]
    // Sending event #1100
    // Rejecting start of Intent { act=android.intent.action.CALL_BUTTON cmp=com.google.android.dialer/com.android.dialer.main.impl.MainActivity } in package com.google.android.dialer
:Sending Trackball (ACTION_MOVE): 0:(-2.0,-2.0)
:Sending Trackball (ACTION_MOVE): 0:(1.0,3.0)
:Sending Trackball (ACTION_MOVE): 0:(0.0,0.0)
:Sending Trackball (ACTION_MOVE): 0:(4.0,-3.0)
:Sending Trackball (ACTION_MOVE): 0:(2.0,-3.0)
:Sending Trackball (ACTION_UP): 0:(0.0,0.0)
    // Rejecting start of Intent { act=android.intent.action.MAIN cat=[android.intent.category.LAUNCHER] pkg=com.android.chrome cmp=com.android.chrome/com.google.android.apps.chrome.Main } in package com.android.chrome
    //[calendar_time:2026-01-18 02:57:26.646  system_uptime:2329350]
    // Sending event #1200
:Sending Trackball (ACTION_MOVE): 0:(-2.0,-1.0)
:Sending Trackball (ACTION_MOVE): 0:(-3.0,3.0)
:Sending Trackball (ACTION_MOVE): 0:(-1.0,-4.0)
:Switch: #Intent;action=android.intent.action.MAIN;category=android.intent.category.LAUNCHER;launchFlags=0x10200000;component=com.xuyutech.hongbaoshu/.MainActivity;end
    // Allowing start of Intent { act=android.intent.action.MAIN cat=[android.intent.category.LAUNCHER] cmp=com.xuyutech.hongbaoshu/.MainActivity } in package com.xuyutech.hongbaoshu
    //[calendar_time:2026-01-18 02:57:28.164  system_uptime:2330867]
    // Sending event #1300
:Sending Trackball (ACTION_MOVE): 0:(-4.0,-2.0)
:Sending Trackball (ACTION_MOVE): 0:(2.0,-4.0)
:Switch: #Intent;action=android.intent.action.MAIN;category=android.intent.category.LAUNCHER;launchFlags=0x10200000;component=com.xuyutech.hongbaoshu/.MainActivity;end
    // Allowing start of Intent { act=android.intent.action.MAIN cat=[android.intent.category.LAUNCHER] cmp=com.xuyutech.hongbaoshu/.MainActivity } in package com.xuyutech.hongbaoshu
:Sending Trackball (ACTION_MOVE): 0:(-5.0,-2.0)
:Sending Trackball (ACTION_MOVE): 0:(1.0,-4.0)
    //[calendar_time:2026-01-18 02:57:29.663  system_uptime:2332366]
    // Sending event #1400
:Sending Trackball (ACTION_MOVE): 0:(2.0,0.0)
    // Allowing start of Intent { act=android.intent.action.MAIN cat=[android.intent.category.HOME] cmp=com.google.android.apps.nexuslauncher/.NexusLauncherActivity } in package com.google.android.apps.nexuslauncher
    // Rejecting start of Intent { act=android.intent.action.VIEW dat=content://com.android.calendar/... cmp=com.google.android.calendar/com.android.calendar.AllInOneActivity } in package com.google.android.calendar
    // Rejecting start of Intent { act=android.intent.action.VIEW dat=content://com.android.calendar/... cmp=com.google.android.calendar/com.android.calendar.AllInOneActivity } in package com.google.android.calendar
:Sending Trackball (ACTION_MOVE): 0:(4.0,0.0)
:Sending Trackball (ACTION_MOVE): 0:(0.0,3.0)
    // Rejecting start of Intent { act=android.intent.action.VIEW dat=content://com.android.calendar/... cmp=com.google.android.calendar/com.android.calendar.AllInOneActivity } in package com.google.android.calendar
:Sending Trackball (ACTION_MOVE): 0:(-5.0,-5.0)
    //[calendar_time:2026-01-18 02:57:30.957  system_uptime:2333663]
    // Sending event #1500
    //[calendar_time:2026-01-18 02:57:31.010  system_uptime:2333713]
    // Sending event #1500
:Sending Trackball (ACTION_MOVE): 0:(1.0,1.0)
:Sending Flip keyboardOpen=true
Got IOException performing flipjava.io.FileNotFoundException: /dev/input/event0: open failed: EACCES (Permission denied)
    // Injection Failed
:Sending Trackball (ACTION_MOVE): 0:(-3.0,1.0)
:Sending Trackball (ACTION_MOVE): 0:(3.0,2.0)
    // Rejecting start of Intent { act=android.intent.action.SET_WALLPAPER pkg=com.google.android.apps.wallpaper cmp=com.google.android.apps.wallpaper/com.android.customization.picker.CustomizationPickerActivity } in package com.google.android.apps.wallpaper
:Sending Trackball (ACTION_MOVE): 0:(0.0,-1.0)
    //[calendar_time:2026-01-18 02:57:32.601  system_uptime:2335305]
    // Sending event #1600
:Sending Trackball (ACTION_MOVE): 0:(3.0,3.0)
:Sending Trackball (ACTION_MOVE): 0:(-2.0,1.0)
:Sending Trackball (ACTION_MOVE): 0:(-3.0,-2.0)
:Sending Trackball (ACTION_MOVE): 0:(-2.0,2.0)
:Switch: #Intent;action=android.intent.action.MAIN;category=android.intent.category.LAUNCHER;launchFlags=0x10200000;component=com.xuyutech.hongbaoshu/.MainActivity;end
    // Allowing start of Intent { act=android.intent.action.MAIN cat=[android.intent.category.LAUNCHER] cmp=com.xuyutech.hongbaoshu/.MainActivity } in package com.xuyutech.hongbaoshu
:Sending Trackball (ACTION_MOVE): 0:(-5.0,-2.0)
:Sending Trackball (ACTION_UP): 0:(0.0,0.0)
    //[calendar_time:2026-01-18 02:57:33.933  system_uptime:2336636]
    // Sending event #1700
:Sending Trackball (ACTION_MOVE): 0:(-3.0,-4.0)
:Sending Trackball (ACTION_MOVE): 0:(1.0,-1.0)
:Sending Trackball (ACTION_MOVE): 0:(-2.0,2.0)
    //[calendar_time:2026-01-18 02:57:35.132  system_uptime:2337837]
    // Sending event #1800
:Sending Trackball (ACTION_MOVE): 0:(1.0,-3.0)
:Sending Trackball (ACTION_MOVE): 0:(-5.0,0.0)
:Switch: #Intent;action=android.intent.action.MAIN;category=android.intent.category.LAUNCHER;launchFlags=0x10200000;component=com.xuyutech.hongbaoshu/.MainActivity;end
    // Allowing start of Intent { act=android.intent.action.MAIN cat=[android.intent.category.LAUNCHER] cmp=com.xuyutech.hongbaoshu/.MainActivity } in package com.xuyutech.hongbaoshu
:Switch: #Intent;action=android.intent.action.MAIN;category=android.intent.category.LAUNCHER;launchFlags=0x10200000;component=com.xuyutech.hongbaoshu/.MainActivity;end
    // Allowing start of Intent { act=android.intent.action.MAIN cat=[android.intent.category.LAUNCHER] cmp=com.xuyutech.hongbaoshu/.MainActivity } in package com.xuyutech.hongbaoshu
:Sending Trackball (ACTION_MOVE): 0:(-2.0,3.0)
:Sending Trackball (ACTION_MOVE): 0:(-3.0,-5.0)
    //[calendar_time:2026-01-18 02:57:36.459  system_uptime:2339163]
    // Sending event #1900
:Sending Trackball (ACTION_MOVE): 0:(-1.0,1.0)
:Sending Trackball (ACTION_MOVE): 0:(-1.0,-2.0)
:Sending Trackball (ACTION_UP): 0:(0.0,0.0)
:Sending Trackball (ACTION_MOVE): 0:(0.0,0.0)
    //[calendar_time:2026-01-18 02:57:38.060  system_uptime:2340763]
    // Sending event #2000
:Switch: #Intent;action=android.intent.action.MAIN;category=android.intent.category.LAUNCHER;launchFlags=0x10200000;component=com.xuyutech.hongbaoshu/.MainActivity;end
    // Allowing start of Intent { act=android.intent.action.MAIN cat=[android.intent.category.LAUNCHER] cmp=com.xuyutech.hongbaoshu/.MainActivity } in package com.xuyutech.hongbaoshu
:Sending Trackball (ACTION_MOVE): 0:(-3.0,3.0)
:Sending Trackball (ACTION_MOVE): 0:(1.0,-1.0)
:Sending Trackball (ACTION_MOVE): 0:(3.0,1.0)
:Switch: #Intent;action=android.intent.action.MAIN;category=android.intent.category.LAUNCHER;launchFlags=0x10200000;component=com.xuyutech.hongbaoshu/.MainActivity;end
    // Allowing start of Intent { act=android.intent.action.MAIN cat=[android.intent.category.LAUNCHER] cmp=com.xuyutech.hongbaoshu/.MainActivity } in package com.xuyutech.hongbaoshu
:Sending Trackball (ACTION_MOVE): 0:(-2.0,-3.0)
    //[calendar_time:2026-01-18 02:57:39.512  system_uptime:2342215]
    // Sending event #2100
:Switch: #Intent;action=android.intent.action.MAIN;category=android.intent.category.LAUNCHER;launchFlags=0x10200000;component=com.xuyutech.hongbaoshu/.MainActivity;end
    // Allowing start of Intent { act=android.intent.action.MAIN cat=[android.intent.category.LAUNCHER] cmp=com.xuyutech.hongbaoshu/.MainActivity } in package com.xuyutech.hongbaoshu
:Sending Trackball (ACTION_MOVE): 0:(0.0,-3.0)
:Sending Trackball (ACTION_MOVE): 0:(1.0,1.0)
:Sending Trackball (ACTION_MOVE): 0:(0.0,-2.0)
:Sending Trackball (ACTION_MOVE): 0:(-1.0,-1.0)
    //[calendar_time:2026-01-18 02:57:40.748  system_uptime:2343451]
    // Sending event #2200
:Sending Trackball (ACTION_MOVE): 0:(0.0,-5.0)
    //[calendar_time:2026-01-18 02:57:42.495  system_uptime:2345198]
    // Sending event #2300
:Sending Trackball (ACTION_MOVE): 0:(0.0,-2.0)
:Switch: #Intent;action=android.intent.action.MAIN;category=android.intent.category.LAUNCHER;launchFlags=0x10200000;component=com.xuyutech.hongbaoshu/.MainActivity;end
    // Allowing start of Intent { act=android.intent.action.MAIN cat=[android.intent.category.LAUNCHER] cmp=com.xuyutech.hongbaoshu/.MainActivity } in package com.xuyutech.hongbaoshu
:Sending Trackball (ACTION_MOVE): 0:(-3.0,3.0)
:Sending Flip keyboardOpen=false
Got IOException performing flipjava.io.FileNotFoundException: /dev/input/event0: open failed: EACCES (Permission denied)
    // Injection Failed
:Sending Trackball (ACTION_MOVE): 0:(4.0,3.0)
:Sending Trackball (ACTION_UP): 0:(0.0,0.0)
:Sending Trackball (ACTION_MOVE): 0:(-1.0,-1.0)
    //[calendar_time:2026-01-18 02:57:43.954  system_uptime:2346658]
    // Sending event #2400
:Sending Trackball (ACTION_MOVE): 0:(4.0,1.0)
:Sending Trackball (ACTION_MOVE): 0:(-3.0,2.0)
:Sending Trackball (ACTION_MOVE): 0:(-3.0,-1.0)
:Sending Trackball (ACTION_MOVE): 0:(2.0,-2.0)
    //[calendar_time:2026-01-18 02:57:45.167  system_uptime:2347872]
    // Sending event #2500
:Sending Trackball (ACTION_MOVE): 0:(3.0,2.0)
:Sending Trackball (ACTION_MOVE): 0:(1.0,-2.0)
:Sending Trackball (ACTION_MOVE): 0:(-3.0,-2.0)
:Sending Trackball (ACTION_MOVE): 0:(3.0,-3.0)
:Sending Trackball (ACTION_MOVE): 0:(-2.0,1.0)
:Sending Trackball (ACTION_MOVE): 0:(0.0,2.0)
:Sending Trackball (ACTION_MOVE): 0:(-4.0,-4.0)
:Sending Trackball (ACTION_MOVE): 0:(3.0,-1.0)
    //[calendar_time:2026-01-18 02:57:45.722  system_uptime:2348426]
    // Sending event #2600
:Sending Trackball (ACTION_MOVE): 0:(3.0,-1.0)
:Sending Trackball (ACTION_MOVE): 0:(2.0,4.0)
:Sending Trackball (ACTION_MOVE): 0:(-4.0,-1.0)
    // Allowing start of Intent { act=android.intent.action.MAIN cat=[android.intent.category.HOME] cmp=com.google.android.apps.nexuslauncher/.NexusLauncherActivity } in package com.google.android.apps.nexuslauncher
    // Rejecting start of Intent { act=android.intent.action.VIEW dat=content://com.android.calendar/... cmp=com.google.android.calendar/com.android.calendar.AllInOneActivity } in package com.google.android.calendar
:Sending Trackball (ACTION_MOVE): 0:(4.0,-1.0)
    //[calendar_time:2026-01-18 02:57:47.678  system_uptime:2350382]
    // Sending event #2700
:Sending Trackball (ACTION_MOVE): 0:(-1.0,-4.0)
:Sending Trackball (ACTION_MOVE): 0:(0.0,4.0)
    //[calendar_time:2026-01-18 02:57:49.314  system_uptime:2352019]
    // Sending event #2800
    //[calendar_time:2026-01-18 02:57:49.369  system_uptime:2352072]
    // Sending event #2800
:Sending Trackball (ACTION_MOVE): 0:(2.0,-3.0)
:Sending Trackball (ACTION_MOVE): 0:(-2.0,-5.0)
    // Rejecting start of Intent { act=android.intent.action.MAIN cat=[android.intent.category.LAUNCHER] cmp=com.google.android.apps.photos/.home.HomeActivity } in package com.google.android.apps.photos
    // Rejecting start of Intent { dat=ga:/... cmp=com.google.android.googlequicksearchbox/.InternalGoogleAppActivityEntrypoint } in package com.google.android.googlequicksearchbox
    // Rejecting start of Intent { act=android.intent.action.SEARCH pkg=com.google.android.youtube cmp=com.google.android.youtube/com.google.android.apps.youtube.app.application.Shell$ResultsActivity } in package com.google.android.youtube
:Switch: #Intent;action=android.intent.action.MAIN;category=android.intent.category.LAUNCHER;launchFlags=0x10200000;component=com.xuyutech.hongbaoshu/.MainActivity;end
    // Allowing start of Intent { act=android.intent.action.MAIN cat=[android.intent.category.LAUNCHER] cmp=com.xuyutech.hongbaoshu/.MainActivity } in package com.xuyutech.hongbaoshu
    // Rejecting start of Intent { act=android.intent.action.CALL_BUTTON cmp=com.google.android.dialer/com.android.dialer.main.impl.MainActivity } in package com.google.android.dialer
:Sending Trackball (ACTION_MOVE): 0:(1.0,3.0)
    //[calendar_time:2026-01-18 02:57:51.351  system_uptime:2354055]
    // Sending event #2900
:Switch: #Intent;action=android.intent.action.MAIN;category=android.intent.category.LAUNCHER;launchFlags=0x10200000;component=com.xuyutech.hongbaoshu/.MainActivity;end
    // Allowing start of Intent { act=android.intent.action.MAIN cat=[android.intent.category.LAUNCHER] cmp=com.xuyutech.hongbaoshu/.MainActivity } in package com.xuyutech.hongbaoshu
:Sending Trackball (ACTION_MOVE): 0:(-4.0,-3.0)
:Sending Trackball (ACTION_MOVE): 0:(-4.0,2.0)
:Sending Trackball (ACTION_MOVE): 0:(-2.0,4.0)
:Switch: #Intent;action=android.intent.action.MAIN;category=android.intent.category.LAUNCHER;launchFlags=0x10200000;component=com.xuyutech.hongbaoshu/.MainActivity;end
    // Allowing start of Intent { act=android.intent.action.MAIN cat=[android.intent.category.LAUNCHER] cmp=com.xuyutech.hongbaoshu/.MainActivity } in package com.xuyutech.hongbaoshu
:Sending Trackball (ACTION_MOVE): 0:(0.0,2.0)
:Switch: #Intent;action=android.intent.action.MAIN;category=android.intent.category.LAUNCHER;launchFlags=0x10200000;component=com.xuyutech.hongbaoshu/.MainActivity;end
    // Allowing start of Intent { act=android.intent.action.MAIN cat=[android.intent.category.LAUNCHER] cmp=com.xuyutech.hongbaoshu/.MainActivity } in package com.xuyutech.hongbaoshu
:Sending Trackball (ACTION_MOVE): 0:(-3.0,-4.0)
:Sending Trackball (ACTION_MOVE): 0:(3.0,-4.0)
    //[calendar_time:2026-01-18 02:57:52.663  system_uptime:2355366]
    // Sending event #3000
:Sending Trackball (ACTION_MOVE): 0:(-5.0,-3.0)
    //[calendar_time:2026-01-18 02:57:55.756  system_uptime:2358460]
    // Sending event #3100
:Sending Trackball (ACTION_MOVE): 0:(-2.0,-3.0)
:Sending Trackball (ACTION_MOVE): 0:(4.0,3.0)
:Sending Trackball (ACTION_UP): 0:(0.0,0.0)
:Switch: #Intent;action=android.intent.action.MAIN;category=android.intent.category.LAUNCHER;launchFlags=0x10200000;component=com.xuyutech.hongbaoshu/.MainActivity;end
    // Allowing start of Intent { act=android.intent.action.MAIN cat=[android.intent.category.LAUNCHER] cmp=com.xuyutech.hongbaoshu/.MainActivity } in package com.xuyutech.hongbaoshu
:Sending Trackball (ACTION_MOVE): 0:(-3.0,2.0)
:Sending Trackball (ACTION_MOVE): 0:(-1.0,1.0)
    //[calendar_time:2026-01-18 02:57:57.143  system_uptime:2359851]
    // Sending event #3200
:Sending Trackball (ACTION_MOVE): 0:(-1.0,-1.0)
:Sending Trackball (ACTION_MOVE): 0:(-4.0,4.0)
:Sending Trackball (ACTION_MOVE): 0:(4.0,-3.0)
:Sending Trackball (ACTION_MOVE): 0:(-2.0,-2.0)
    //[calendar_time:2026-01-18 02:57:58.585  system_uptime:2361289]
    // Sending event #3300
:Sending Trackball (ACTION_MOVE): 0:(-5.0,1.0)
:Sending Trackball (ACTION_MOVE): 0:(-3.0,0.0)
    // Rejecting start of Intent { act=android.intent.action.CALL_BUTTON cmp=com.google.android.dialer/com.android.dialer.main.impl.MainActivity } in package com.google.android.dialer
    //[calendar_time:2026-01-18 02:58:00.110  system_uptime:2362817]
    // Sending event #3400
:Sending Trackball (ACTION_MOVE): 0:(1.0,-3.0)
:Switch: #Intent;action=android.intent.action.MAIN;category=android.intent.category.LAUNCHER;launchFlags=0x10200000;component=com.xuyutech.hongbaoshu/.MainActivity;end
    // Allowing start of Intent { act=android.intent.action.MAIN cat=[android.intent.category.LAUNCHER] cmp=com.xuyutech.hongbaoshu/.MainActivity } in package com.xuyutech.hongbaoshu
    // Rejecting start of Intent { act=android.intent.action.CALL_BUTTON cmp=com.google.android.dialer/com.android.dialer.main.impl.MainActivity } in package com.google.android.dialer
:Sending Trackball (ACTION_MOVE): 0:(-1.0,4.0)
:Sending Trackball (ACTION_MOVE): 0:(1.0,-4.0)
    //[calendar_time:2026-01-18 02:58:01.541  system_uptime:2364245]
    // Sending event #3500
:Sending Flip keyboardOpen=true
Got IOException performing flipjava.io.FileNotFoundException: /dev/input/event0: open failed: EACCES (Permission denied)
    // Injection Failed
:Sending Flip keyboardOpen=false
Got IOException performing flipjava.io.FileNotFoundException: /dev/input/event0: open failed: EACCES (Permission denied)
    // Injection Failed
:Sending Trackball (ACTION_MOVE): 0:(4.0,-2.0)
:Sending Trackball (ACTION_MOVE): 0:(4.0,1.0)
:Sending Trackball (ACTION_MOVE): 0:(-4.0,-4.0)
    // Rejecting start of Intent { act=com.android.intent.action.SHOW_BRIGHTNESS_DIALOG cmp=com.android.systemui/.settings.brightness.BrightnessDialog } in package com.android.systemui
:Sending Trackball (ACTION_MOVE): 0:(-3.0,-4.0)
:Sending Trackball (ACTION_MOVE): 0:(-4.0,4.0)
    //[calendar_time:2026-01-18 02:58:02.782  system_uptime:2365485]
    // Sending event #3600
:Sending Trackball (ACTION_MOVE): 0:(1.0,-2.0)
:Sending Trackball (ACTION_MOVE): 0:(4.0,-3.0)
:Switch: #Intent;action=android.intent.action.MAIN;category=android.intent.category.LAUNCHER;launchFlags=0x10200000;component=com.xuyutech.hongbaoshu/.MainActivity;end
    // Allowing start of Intent { act=android.intent.action.MAIN cat=[android.intent.category.LAUNCHER] cmp=com.xuyutech.hongbaoshu/.MainActivity } in package com.xuyutech.hongbaoshu
:Sending Trackball (ACTION_MOVE): 0:(-4.0,4.0)
:Switch: #Intent;action=android.intent.action.MAIN;category=android.intent.category.LAUNCHER;launchFlags=0x10200000;component=com.xuyutech.hongbaoshu/.MainActivity;end
    // Allowing start of Intent { act=android.intent.action.MAIN cat=[android.intent.category.LAUNCHER] cmp=com.xuyutech.hongbaoshu/.MainActivity } in package com.xuyutech.hongbaoshu
:Sending Trackball (ACTION_MOVE): 0:(-5.0,1.0)
:Sending Trackball (ACTION_MOVE): 0:(1.0,2.0)
    //[calendar_time:2026-01-18 02:58:04.125  system_uptime:2366829]
    // Sending event #3700
:Sending Trackball (ACTION_MOVE): 0:(-2.0,-3.0)
:Switch: #Intent;action=android.intent.action.MAIN;category=android.intent.category.LAUNCHER;launchFlags=0x10200000;component=com.xuyutech.hongbaoshu/.MainActivity;end
    // Allowing start of Intent { act=android.intent.action.MAIN cat=[android.intent.category.LAUNCHER] cmp=com.xuyutech.hongbaoshu/.MainActivity } in package com.xuyutech.hongbaoshu
:Sending Trackball (ACTION_MOVE): 0:(-5.0,-2.0)
:Sending Trackball (ACTION_MOVE): 0:(-1.0,-5.0)
:Sending Trackball (ACTION_MOVE): 0:(-5.0,1.0)
:Sending Trackball (ACTION_UP): 0:(0.0,0.0)
    // Rejecting start of Intent { act=android.intent.action.SHOW_ALARMS cmp=com.google.android.deskclock/com.android.deskclock.HandleApiCalls } in package com.google.android.deskclock
:Sending Trackball (ACTION_MOVE): 0:(-3.0,1.0)
:Sending Trackball (ACTION_MOVE): 0:(-4.0,0.0)
    //[calendar_time:2026-01-18 02:58:05.488  system_uptime:2368199]
    // Sending event #3800
:Sending Flip keyboardOpen=true
Got IOException performing flipjava.io.FileNotFoundException: /dev/input/event0: open failed: EACCES (Permission denied)
    // Injection Failed
:Sending Trackball (ACTION_MOVE): 0:(0.0,-4.0)
:Sending Trackball (ACTION_MOVE): 0:(1.0,-5.0)
    //[calendar_time:2026-01-18 02:58:07.802  system_uptime:2370506]
    // Sending event #3900
:Sending Trackball (ACTION_MOVE): 0:(0.0,4.0)
:Sending Trackball (ACTION_MOVE): 0:(4.0,4.0)
:Sending Trackball (ACTION_MOVE): 0:(-3.0,-3.0)
:Switch: #Intent;action=android.intent.action.MAIN;category=android.intent.category.LAUNCHER;launchFlags=0x10200000;component=com.xuyutech.hongbaoshu/.MainActivity;end
    // Allowing start of Intent { act=android.intent.action.MAIN cat=[android.intent.category.LAUNCHER] cmp=com.xuyutech.hongbaoshu/.MainActivity } in package com.xuyutech.hongbaoshu
:Switch: #Intent;action=android.intent.action.MAIN;category=android.intent.category.LAUNCHER;launchFlags=0x10200000;component=com.xuyutech.hongbaoshu/.MainActivity;end
    // Allowing start of Intent { act=android.intent.action.MAIN cat=[android.intent.category.LAUNCHER] cmp=com.xuyutech.hongbaoshu/.MainActivity } in package com.xuyutech.hongbaoshu
:Sending Trackball (ACTION_MOVE): 0:(-3.0,4.0)
:Sending Trackball (ACTION_MOVE): 0:(3.0,0.0)
    //[calendar_time:2026-01-18 02:58:09.548  system_uptime:2372252]
    // Sending event #4000
:Sending Trackball (ACTION_UP): 0:(0.0,0.0)
:Sending Trackball (ACTION_MOVE): 0:(0.0,-2.0)
:Sending Trackball (ACTION_MOVE): 0:(1.0,4.0)
:Sending Trackball (ACTION_MOVE): 0:(3.0,0.0)
    //[calendar_time:2026-01-18 02:58:11.267  system_uptime:2373970]
    // Sending event #4100
    //[calendar_time:2026-01-18 02:58:11.318  system_uptime:2374022]
    // Sending event #4100
:Sending Trackball (ACTION_MOVE): 0:(-4.0,-3.0)
:Sending Trackball (ACTION_MOVE): 0:(0.0,3.0)
:Sending Trackball (ACTION_MOVE): 0:(-3.0,4.0)
:Sending Trackball (ACTION_MOVE): 0:(-4.0,3.0)
:Sending Trackball (ACTION_MOVE): 0:(4.0,-3.0)
    //[calendar_time:2026-01-18 02:58:13.051  system_uptime:2375757]
    // Sending event #4200
:Sending Trackball (ACTION_UP): 0:(0.0,0.0)
    // Rejecting start of Intent { act=android.intent.action.SEARCH pkg=com.google.android.youtube cmp=com.google.android.youtube/com.google.android.apps.youtube.app.application.Shell$ResultsActivity } in package com.google.android.youtube
:Sending Trackball (ACTION_MOVE): 0:(-4.0,-2.0)
:Sending Trackball (ACTION_UP): 0:(0.0,0.0)
    // Rejecting start of Intent { act=android.intent.action.SEARCH pkg=com.google.android.youtube cmp=com.google.android.youtube/com.google.android.apps.youtube.app.application.Shell$ResultsActivity } in package com.google.android.youtube
:Sending Trackball (ACTION_MOVE): 0:(2.0,4.0)
    // Rejecting start of Intent { act=android.intent.action.CALL_BUTTON cmp=com.google.android.dialer/com.android.dialer.main.impl.MainActivity } in package com.google.android.dialer
:Sending Trackball (ACTION_MOVE): 0:(-2.0,4.0)
:Sending Trackball (ACTION_MOVE): 0:(-2.0,-5.0)
:Sending Trackball (ACTION_MOVE): 0:(-1.0,2.0)
:Sending Trackball (ACTION_MOVE): 0:(-3.0,-1.0)
    //[calendar_time:2026-01-18 02:58:14.117  system_uptime:2376820]
    // Sending event #4300
    // Rejecting start of Intent { act=android.intent.action.EDIT dat=content://media/... typ=image/png cmp=com.google.android.markup/.AnnotateActivity } in package com.google.android.markup
:Sending Trackball (ACTION_MOVE): 0:(-5.0,3.0)
:Sending Trackball (ACTION_MOVE): 0:(-4.0,-1.0)
:Sending Trackball (ACTION_MOVE): 0:(1.0,-5.0)
    // Rejecting start of Intent { act=android.intent.action.SEARCH pkg=com.google.android.youtube cmp=com.google.android.youtube/com.google.android.apps.youtube.app.application.Shell$ResultsActivity } in package com.google.android.youtube
:Switch: #Intent;action=android.intent.action.MAIN;category=android.intent.category.LAUNCHER;launchFlags=0x10200000;component=com.xuyutech.hongbaoshu/.MainActivity;end
    // Allowing start of Intent { act=android.intent.action.MAIN cat=[android.intent.category.LAUNCHER] cmp=com.xuyutech.hongbaoshu/.MainActivity } in package com.xuyutech.hongbaoshu
    //[calendar_time:2026-01-18 02:58:15.875  system_uptime:2378579]
    // Sending event #4400
    //[calendar_time:2026-01-18 02:58:15.926  system_uptime:2378630]
    // Sending event #4400
:Sending Trackball (ACTION_MOVE): 0:(3.0,3.0)
:Sending Trackball (ACTION_MOVE): 0:(0.0,0.0)
:Sending Trackball (ACTION_MOVE): 0:(1.0,-3.0)
:Sending Trackball (ACTION_MOVE): 0:(0.0,1.0)
:Sending Trackball (ACTION_MOVE): 0:(-5.0,-4.0)
    //[calendar_time:2026-01-18 02:58:16.927  system_uptime:2379630]
    // Sending event #4500
    //[calendar_time:2026-01-18 02:58:16.978  system_uptime:2379682]
    // Sending event #4500
    // Rejecting start of Intent { act=android.intent.action.SEARCH pkg=com.google.android.youtube cmp=com.google.android.youtube/com.google.android.apps.youtube.app.application.Shell$ResultsActivity } in package com.google.android.youtube
:Sending Trackball (ACTION_MOVE): 0:(-4.0,0.0)
:Sending Flip keyboardOpen=false
Got IOException performing flipjava.io.FileNotFoundException: /dev/input/event0: open failed: EACCES (Permission denied)
    // Injection Failed
    // Rejecting start of Intent { act=android.intent.action.VIEW dat=geo: pkg=com.google.android.apps.maps cmp=com.google.android.apps.maps/com.google.android.maps.MapsActivity } in package com.google.android.apps.maps
    // Rejecting start of Intent { act=android.intent.action.VIEW dat=https://support.google.com/... cmp=com.android.chrome/com.google.android.apps.chrome.IntentDispatcher } in package com.android.chrome
:Sending Trackball (ACTION_MOVE): 0:(3.0,-5.0)
:Sending Trackball (ACTION_MOVE): 0:(4.0,-5.0)
:Sending Trackball (ACTION_MOVE): 0:(-5.0,-1.0)
    //[calendar_time:2026-01-18 02:58:18.468  system_uptime:2381172]
    // Sending event #4600
:Sending Trackball (ACTION_MOVE): 0:(-1.0,-5.0)
:Sending Trackball (ACTION_MOVE): 0:(1.0,3.0)
:Sending Trackball (ACTION_UP): 0:(0.0,0.0)
    // Rejecting start of Intent { act=android.intent.action.EDIT dat=content://media/... typ=image/png cmp=com.google.android.markup/.AnnotateActivity } in package com.google.android.markup
:Sending Trackball (ACTION_MOVE): 0:(-1.0,-4.0)
:Switch: #Intent;action=android.intent.action.MAIN;category=android.intent.category.LAUNCHER;launchFlags=0x10200000;component=com.xuyutech.hongbaoshu/.MainActivity;end
    // Allowing start of Intent { act=android.intent.action.MAIN cat=[android.intent.category.LAUNCHER] cmp=com.xuyutech.hongbaoshu/.MainActivity } in package com.xuyutech.hongbaoshu
:Sending Trackball (ACTION_MOVE): 0:(0.0,0.0)
:Sending Trackball (ACTION_MOVE): 0:(4.0,4.0)
    //[calendar_time:2026-01-18 02:58:20.468  system_uptime:2383171]
    // Sending event #4700
:Sending Trackball (ACTION_UP): 0:(0.0,0.0)
:Sending Trackball (ACTION_MOVE): 0:(-5.0,2.0)
:Sending Trackball (ACTION_UP): 0:(0.0,0.0)
:Sending Trackball (ACTION_MOVE): 0:(-4.0,0.0)
:Sending Trackball (ACTION_MOVE): 0:(0.0,3.0)
    // Allowing start of Intent { act=android.intent.action.MAIN cat=[android.intent.category.HOME] cmp=com.google.android.apps.nexuslauncher/.NexusLauncherActivity } in package com.google.android.apps.nexuslauncher
:Switch: #Intent;action=android.intent.action.MAIN;category=android.intent.category.LAUNCHER;launchFlags=0x10200000;component=com.xuyutech.hongbaoshu/.MainActivity;end
    // Allowing start of Intent { act=android.intent.action.MAIN cat=[android.intent.category.LAUNCHER] cmp=com.xuyutech.hongbaoshu/.MainActivity } in package com.xuyutech.hongbaoshu
    //[calendar_time:2026-01-18 02:58:22.423  system_uptime:2385127]
    // Sending event #4800
:Sending Trackball (ACTION_MOVE): 0:(1.0,4.0)
:Sending Trackball (ACTION_UP): 0:(0.0,0.0)
:Sending Trackball (ACTION_MOVE): 0:(2.0,3.0)
:Sending Trackball (ACTION_MOVE): 0:(2.0,4.0)
:Sending Trackball (ACTION_MOVE): 0:(-3.0,0.0)
:Sending Trackball (ACTION_MOVE): 0:(3.0,0.0)
    //[calendar_time:2026-01-18 02:58:23.610  system_uptime:2386314]
    // Sending event #4900
:Sending Trackball (ACTION_MOVE): 0:(-5.0,0.0)
:Sending Trackball (ACTION_MOVE): 0:(1.0,-2.0)
:Sending Trackball (ACTION_MOVE): 0:(1.0,-1.0)
:Sending Trackball (ACTION_MOVE): 0:(-1.0,-4.0)
:Sending Trackball (ACTION_UP): 0:(0.0,0.0)
    //[calendar_time:2026-01-18 02:58:24.822  system_uptime:2387526]
    // Sending event #5000
    //[calendar_time:2026-01-18 02:58:24.873  system_uptime:2387577]
    // Sending event #5000
:Sending Trackball (ACTION_MOVE): 0:(4.0,3.0)
:Sending Trackball (ACTION_MOVE): 0:(2.0,1.0)
:Sending Trackball (ACTION_UP): 0:(0.0,0.0)
:Sending Trackball (ACTION_MOVE): 0:(3.0,-5.0)
:Sending Flip keyboardOpen=true
Got IOException performing flipjava.io.FileNotFoundException: /dev/input/event0: open failed: EACCES (Permission denied)
    // Injection Failed
    // Rejecting start of Intent { act=android.intent.action.MAIN cat=[android.intent.category.LAUNCHER] cmp=com.google.android.contacts/com.android.contacts.activities.PeopleActivity } in package com.google.android.contacts
    // Allowing start of Intent { act=android.intent.action.MAIN cat=[android.intent.category.HOME] cmp=com.google.android.apps.nexuslauncher/.NexusLauncherActivity } in package com.google.android.apps.nexuslauncher
:Sending Trackball (ACTION_MOVE): 0:(4.0,4.0)
:Sending Trackball (ACTION_MOVE): 0:(1.0,4.0)
:Sending Trackball (ACTION_MOVE): 0:(1.0,-4.0)
    //[calendar_time:2026-01-18 02:58:25.937  system_uptime:2388641]
    // Sending event #5100
:Sending Trackball (ACTION_MOVE): 0:(2.0,-3.0)
:Sending Trackball (ACTION_MOVE): 0:(3.0,-3.0)
:Sending Trackball (ACTION_MOVE): 0:(-2.0,4.0)
:Switch: #Intent;action=android.intent.action.MAIN;category=android.intent.category.LAUNCHER;launchFlags=0x10200000;component=com.xuyutech.hongbaoshu/.MainActivity;end
    // Allowing start of Intent { act=android.intent.action.MAIN cat=[android.intent.category.LAUNCHER] cmp=com.xuyutech.hongbaoshu/.MainActivity } in package com.xuyutech.hongbaoshu
:Sending Trackball (ACTION_MOVE): 0:(4.0,1.0)
    //[calendar_time:2026-01-18 02:58:27.342  system_uptime:2390046]
    // Sending event #5200
:Sending Trackball (ACTION_MOVE): 0:(-5.0,3.0)
:Sending Trackball (ACTION_UP): 0:(0.0,0.0)
:Sending Trackball (ACTION_MOVE): 0:(3.0,4.0)
:Sending Trackball (ACTION_MOVE): 0:(0.0,1.0)
:Sending Trackball (ACTION_MOVE): 0:(-3.0,3.0)
    //[calendar_time:2026-01-18 02:58:28.540  system_uptime:2391244]
    // Sending event #5300
    //[calendar_time:2026-01-18 02:58:28.592  system_uptime:2391295]
    // Sending event #5300
:Switch: #Intent;action=android.intent.action.MAIN;category=android.intent.category.LAUNCHER;launchFlags=0x10200000;component=com.xuyutech.hongbaoshu/.MainActivity;end
    // Allowing start of Intent { act=android.intent.action.MAIN cat=[android.intent.category.LAUNCHER] cmp=com.xuyutech.hongbaoshu/.MainActivity } in package com.xuyutech.hongbaoshu
:Sending Trackball (ACTION_MOVE): 0:(-5.0,-4.0)
:Switch: #Intent;action=android.intent.action.MAIN;category=android.intent.category.LAUNCHER;launchFlags=0x10200000;component=com.xuyutech.hongbaoshu/.MainActivity;end
    // Allowing start of Intent { act=android.intent.action.MAIN cat=[android.intent.category.LAUNCHER] cmp=com.xuyutech.hongbaoshu/.MainActivity } in package com.xuyutech.hongbaoshu
:Sending Trackball (ACTION_MOVE): 0:(4.0,3.0)
:Sending Trackball (ACTION_MOVE): 0:(-5.0,-5.0)
:Sending Trackball (ACTION_MOVE): 0:(-3.0,-5.0)
:Sending Trackball (ACTION_UP): 0:(0.0,0.0)
:Sending Trackball (ACTION_MOVE): 0:(-5.0,4.0)
:Sending Trackball (ACTION_MOVE): 0:(-5.0,-4.0)
    //[calendar_time:2026-01-18 02:58:29.677  system_uptime:2392381]
    // Sending event #5400
:Sending Trackball (ACTION_MOVE): 0:(-1.0,2.0)
:Sending Trackball (ACTION_MOVE): 0:(3.0,-2.0)
:Sending Trackball (ACTION_MOVE): 0:(-1.0,-1.0)
:Sending Trackball (ACTION_UP): 0:(0.0,0.0)
    // Rejecting start of Intent { act=android.settings.HARD_KEYBOARD_SETTINGS cmp=com.android.settings/.Settings$PhysicalKeyboardActivity } in package com.android.settings
    // Rejecting start of Intent { act=android.settings.HARD_KEYBOARD_SETTINGS cmp=com.android.settings/.Settings$PhysicalKeyboardActivity } in package com.android.settings
:Sending Trackball (ACTION_MOVE): 0:(-3.0,3.0)
:Sending Trackball (ACTION_UP): 0:(0.0,0.0)
:Sending Trackball (ACTION_MOVE): 0:(1.0,3.0)
    //[calendar_time:2026-01-18 02:58:30.689  system_uptime:2393393]
    // Sending event #5500
:Sending Flip keyboardOpen=false
Got IOException performing flipjava.io.FileNotFoundException: /dev/input/event0: open failed: EACCES (Permission denied)
    // Injection Failed
:Sending Trackball (ACTION_MOVE): 0:(3.0,-2.0)
:Sending Trackball (ACTION_MOVE): 0:(3.0,-2.0)
:Sending Trackball (ACTION_MOVE): 0:(0.0,4.0)
:Sending Trackball (ACTION_MOVE): 0:(-1.0,-2.0)
:Sending Trackball (ACTION_UP): 0:(0.0,0.0)
:Sending Trackball (ACTION_MOVE): 0:(0.0,1.0)
:Switch: #Intent;action=android.intent.action.MAIN;category=android.intent.category.LAUNCHER;launchFlags=0x10200000;component=com.xuyutech.hongbaoshu/.MainActivity;end
    // Allowing start of Intent { act=android.intent.action.MAIN cat=[android.intent.category.LAUNCHER] cmp=com.xuyutech.hongbaoshu/.MainActivity } in package com.xuyutech.hongbaoshu
:Sending Trackball (ACTION_MOVE): 0:(-1.0,0.0)
    //[calendar_time:2026-01-18 02:58:31.433  system_uptime:2394136]
    // Sending event #5600
:Sending Trackball (ACTION_MOVE): 0:(-2.0,-1.0)
:Sending Trackball (ACTION_MOVE): 0:(-3.0,1.0)
:Sending Trackball (ACTION_MOVE): 0:(-5.0,-1.0)
    // Allowing start of Intent { act=android.intent.action.MAIN cat=[android.intent.category.HOME] cmp=com.google.android.apps.nexuslauncher/.NexusLauncherActivity } in package com.google.android.apps.nexuslauncher
:Switch: #Intent;action=android.intent.action.MAIN;category=android.intent.category.LAUNCHER;launchFlags=0x10200000;component=com.xuyutech.hongbaoshu/.MainActivity;end
    // Allowing start of Intent { act=android.intent.action.MAIN cat=[android.intent.category.LAUNCHER] cmp=com.xuyutech.hongbaoshu/.MainActivity } in package com.xuyutech.hongbaoshu
:Switch: #Intent;action=android.intent.action.MAIN;category=android.intent.category.LAUNCHER;launchFlags=0x10200000;component=com.xuyutech.hongbaoshu/.MainActivity;end
    // Allowing start of Intent { act=android.intent.action.MAIN cat=[android.intent.category.LAUNCHER] cmp=com.xuyutech.hongbaoshu/.MainActivity } in package com.xuyutech.hongbaoshu
:Sending Trackball (ACTION_MOVE): 0:(3.0,-4.0)
:Sending Trackball (ACTION_MOVE): 0:(-3.0,0.0)
    //[calendar_time:2026-01-18 02:58:33.161  system_uptime:2395867]
    // Sending event #5700
:Sending Trackball (ACTION_MOVE): 0:(-2.0,0.0)
:Sending Trackball (ACTION_MOVE): 0:(1.0,-3.0)
:Sending Trackball (ACTION_MOVE): 0:(4.0,2.0)
:Sending Trackball (ACTION_UP): 0:(0.0,0.0)
:Sending Trackball (ACTION_MOVE): 0:(-5.0,2.0)
    //[calendar_time:2026-01-18 02:58:35.239  system_uptime:2397943]
    // Sending event #5800
    //[calendar_time:2026-01-18 02:58:35.290  system_uptime:2397994]
    // Sending event #5800
    // Rejecting start of Intent { act=android.intent.action.SET_WALLPAPER pkg=com.google.android.apps.wallpaper cmp=com.google.android.apps.wallpaper/com.android.customization.picker.CustomizationPickerActivity } in package com.google.android.apps.wallpaper
    // Rejecting start of Intent { act=android.intent.action.SET_WALLPAPER pkg=com.google.android.apps.wallpaper cmp=com.google.android.apps.wallpaper/com.android.customization.picker.CustomizationPickerActivity } in package com.google.android.apps.wallpaper
:Sending Trackball (ACTION_MOVE): 0:(-2.0,-3.0)
:Switch: #Intent;action=android.intent.action.MAIN;category=android.intent.category.LAUNCHER;launchFlags=0x10200000;component=com.xuyutech.hongbaoshu/.MainActivity;end
    // Allowing start of Intent { act=android.intent.action.MAIN cat=[android.intent.category.LAUNCHER] cmp=com.xuyutech.hongbaoshu/.MainActivity } in package com.xuyutech.hongbaoshu
:Switch: #Intent;action=android.intent.action.MAIN;category=android.intent.category.LAUNCHER;launchFlags=0x10200000;component=com.xuyutech.hongbaoshu/.MainActivity;end
    // Allowing start of Intent { act=android.intent.action.MAIN cat=[android.intent.category.LAUNCHER] cmp=com.xuyutech.hongbaoshu/.MainActivity } in package com.xuyutech.hongbaoshu
:Switch: #Intent;action=android.intent.action.MAIN;category=android.intent.category.LAUNCHER;launchFlags=0x10200000;component=com.xuyutech.hongbaoshu/.MainActivity;end
    // Allowing start of Intent { act=android.intent.action.MAIN cat=[android.intent.category.LAUNCHER] cmp=com.xuyutech.hongbaoshu/.MainActivity } in package com.xuyutech.hongbaoshu
:Sending Trackball (ACTION_MOVE): 0:(2.0,-3.0)
    //[calendar_time:2026-01-18 02:58:37.124  system_uptime:2399828]
    // Sending event #5900
:Sending Trackball (ACTION_UP): 0:(0.0,0.0)
:Sending Trackball (ACTION_MOVE): 0:(0.0,4.0)
:Sending Trackball (ACTION_MOVE): 0:(-1.0,4.0)
:Switch: #Intent;action=android.intent.action.MAIN;category=android.intent.category.LAUNCHER;launchFlags=0x10200000;component=com.xuyutech.hongbaoshu/.MainActivity;end
    // Allowing start of Intent { act=android.intent.action.MAIN cat=[android.intent.category.LAUNCHER] cmp=com.xuyutech.hongbaoshu/.MainActivity } in package com.xuyutech.hongbaoshu
:Sending Trackball (ACTION_MOVE): 0:(2.0,0.0)
:Sending Trackball (ACTION_UP): 0:(0.0,0.0)
:Sending Trackball (ACTION_MOVE): 0:(-5.0,-2.0)
    //[calendar_time:2026-01-18 02:58:38.192  system_uptime:2400895]
    // Sending event #6000
:Sending Trackball (ACTION_MOVE): 0:(2.0,-2.0)
    // Rejecting start of Intent { act=android.intent.action.EDIT dat=content://media/... typ=image/png cmp=com.google.android.markup/.AnnotateActivity } in package com.google.android.markup
:Sending Trackball (ACTION_MOVE): 0:(4.0,-4.0)
:Sending Trackball (ACTION_MOVE): 0:(2.0,-1.0)
:Switch: #Intent;action=android.intent.action.MAIN;category=android.intent.category.LAUNCHER;launchFlags=0x10200000;component=com.xuyutech.hongbaoshu/.MainActivity;end
    // Allowing start of Intent { act=android.intent.action.MAIN cat=[android.intent.category.LAUNCHER] cmp=com.xuyutech.hongbaoshu/.MainActivity } in package com.xuyutech.hongbaoshu
:Sending Trackball (ACTION_MOVE): 0:(0.0,-1.0)
:Sending Trackball (ACTION_UP): 0:(0.0,0.0)
:Sending Trackball (ACTION_MOVE): 0:(-2.0,-5.0)
:Sending Trackball (ACTION_MOVE): 0:(-1.0,-1.0)
    //[calendar_time:2026-01-18 02:58:38.992  system_uptime:2401695]
    // Sending event #6100
:Sending Trackball (ACTION_MOVE): 0:(-1.0,3.0)
:Sending Trackball (ACTION_MOVE): 0:(-1.0,-4.0)
:Sending Flip keyboardOpen=true
Got IOException performing flipjava.io.FileNotFoundException: /dev/input/event0: open failed: EACCES (Permission denied)
    // Injection Failed
:Sending Trackball (ACTION_MOVE): 0:(-5.0,4.0)
:Sending Trackball (ACTION_UP): 0:(0.0,0.0)
:Switch: #Intent;action=android.intent.action.MAIN;category=android.intent.category.LAUNCHER;launchFlags=0x10200000;component=com.xuyutech.hongbaoshu/.MainActivity;end
    // Allowing start of Intent { act=android.intent.action.MAIN cat=[android.intent.category.LAUNCHER] cmp=com.xuyutech.hongbaoshu/.MainActivity } in package com.xuyutech.hongbaoshu
:Sending Trackball (ACTION_MOVE): 0:(-2.0,-3.0)
:Sending Trackball (ACTION_MOVE): 0:(-1.0,-4.0)
    //[calendar_time:2026-01-18 02:58:40.734  system_uptime:2403438]
    // Sending event #6200
:Sending Trackball (ACTION_MOVE): 0:(-2.0,0.0)
:Switch: #Intent;action=android.intent.action.MAIN;category=android.intent.category.LAUNCHER;launchFlags=0x10200000;component=com.xuyutech.hongbaoshu/.MainActivity;end
    // Allowing start of Intent { act=android.intent.action.MAIN cat=[android.intent.category.LAUNCHER] cmp=com.xuyutech.hongbaoshu/.MainActivity } in package com.xuyutech.hongbaoshu
:Sending Trackball (ACTION_MOVE): 0:(1.0,-2.0)
:Sending Trackball (ACTION_MOVE): 0:(2.0,-3.0)
:Sending Trackball (ACTION_MOVE): 0:(1.0,-1.0)
:Sending Trackball (ACTION_MOVE): 0:(4.0,-2.0)
:Sending Trackball (ACTION_MOVE): 0:(-2.0,-3.0)
:Sending Flip keyboardOpen=false
Got IOException performing flipjava.io.FileNotFoundException: /dev/input/event0: open failed: EACCES (Permission denied)
    // Injection Failed
:Sending Trackball (ACTION_MOVE): 0:(3.0,4.0)
    //[calendar_time:2026-01-18 02:58:41.521  system_uptime:2404225]
    // Sending event #6300
:Sending Trackball (ACTION_MOVE): 0:(4.0,0.0)
:Sending Trackball (ACTION_UP): 0:(0.0,0.0)
:Sending Trackball (ACTION_MOVE): 0:(-5.0,1.0)
:Sending Trackball (ACTION_MOVE): 0:(0.0,2.0)
:Sending Trackball (ACTION_MOVE): 0:(3.0,-4.0)
    //[calendar_time:2026-01-18 02:58:42.911  system_uptime:2405615]
    // Sending event #6400
:Sending Trackball (ACTION_MOVE): 0:(0.0,-2.0)
:Sending Trackball (ACTION_MOVE): 0:(1.0,-2.0)
    //[calendar_time:2026-01-18 02:58:44.282  system_uptime:2406986]
    // Sending event #6500
:Sending Trackball (ACTION_MOVE): 0:(3.0,1.0)
:Switch: #Intent;action=android.intent.action.MAIN;category=android.intent.category.LAUNCHER;launchFlags=0x10200000;component=com.xuyutech.hongbaoshu/.MainActivity;end
    // Allowing start of Intent { act=android.intent.action.MAIN cat=[android.intent.category.LAUNCHER] cmp=com.xuyutech.hongbaoshu/.MainActivity } in package com.xuyutech.hongbaoshu
:Sending Trackball (ACTION_MOVE): 0:(-5.0,-3.0)
:Sending Trackball (ACTION_MOVE): 0:(-2.0,1.0)
:Switch: #Intent;action=android.intent.action.MAIN;category=android.intent.category.LAUNCHER;launchFlags=0x10200000;component=com.xuyutech.hongbaoshu/.MainActivity;end
    // Allowing start of Intent { act=android.intent.action.MAIN cat=[android.intent.category.LAUNCHER] cmp=com.xuyutech.hongbaoshu/.MainActivity } in package com.xuyutech.hongbaoshu
    //[calendar_time:2026-01-18 02:58:45.613  system_uptime:2408317]
    // Sending event #6600
    //[calendar_time:2026-01-18 02:58:45.664  system_uptime:2408367]
    // Sending event #6600
:Sending Trackball (ACTION_MOVE): 0:(2.0,-2.0)
:Sending Trackball (ACTION_MOVE): 0:(1.0,0.0)
    // Rejecting start of Intent { act=android.settings.SETTINGS cmp=com.android.settings/.homepage.SettingsHomepageActivity } in package com.android.settings
:Sending Trackball (ACTION_MOVE): 0:(-3.0,-1.0)
    // Rejecting start of Intent { act=android.intent.action.CALL_BUTTON cmp=com.google.android.dialer/com.android.dialer.main.impl.MainActivity } in package com.google.android.dialer
:Switch: #Intent;action=android.intent.action.MAIN;category=android.intent.category.LAUNCHER;launchFlags=0x10200000;component=com.xuyutech.hongbaoshu/.MainActivity;end
    // Allowing start of Intent { act=android.intent.action.MAIN cat=[android.intent.category.LAUNCHER] cmp=com.xuyutech.hongbaoshu/.MainActivity } in package com.xuyutech.hongbaoshu
    //[calendar_time:2026-01-18 02:58:46.986  system_uptime:2409689]
    // Sending event #6700
:Sending Trackball (ACTION_MOVE): 0:(3.0,-5.0)
:Switch: #Intent;action=android.intent.action.MAIN;category=android.intent.category.LAUNCHER;launchFlags=0x10200000;component=com.xuyutech.hongbaoshu/.MainActivity;end
    // Allowing start of Intent { act=android.intent.action.MAIN cat=[android.intent.category.LAUNCHER] cmp=com.xuyutech.hongbaoshu/.MainActivity } in package com.xuyutech.hongbaoshu
:Switch: #Intent;action=android.intent.action.MAIN;category=android.intent.category.LAUNCHER;launchFlags=0x10200000;component=com.xuyutech.hongbaoshu/.MainActivity;end
    // Allowing start of Intent { act=android.intent.action.MAIN cat=[android.intent.category.LAUNCHER] cmp=com.xuyutech.hongbaoshu/.MainActivity } in package com.xuyutech.hongbaoshu
:Sending Trackball (ACTION_MOVE): 0:(3.0,-4.0)
    //[calendar_time:2026-01-18 02:58:48.285  system_uptime:2410990]
    // Sending event #6800
:Sending Trackball (ACTION_MOVE): 0:(1.0,3.0)
:Sending Flip keyboardOpen=true
Got IOException performing flipjava.io.FileNotFoundException: /dev/input/event0: open failed: EACCES (Permission denied)
    // Injection Failed
:Sending Trackball (ACTION_MOVE): 0:(-3.0,2.0)
    // Rejecting start of Intent { act=android.intent.action.CALL_BUTTON cmp=com.google.android.dialer/com.android.dialer.main.impl.MainActivity } in package com.google.android.dialer
:Sending Trackball (ACTION_MOVE): 0:(0.0,4.0)
    //[calendar_time:2026-01-18 02:58:49.814  system_uptime:2412517]
    // Sending event #6900
:Sending Trackball (ACTION_MOVE): 0:(-3.0,-5.0)
    // Rejecting start of Intent { act=android.intent.action.MAIN cat=[android.intent.category.LAUNCHER] cmp=com.google.android.contacts/com.android.contacts.activities.PeopleActivity } in package com.google.android.contacts
:Sending Trackball (ACTION_MOVE): 0:(-3.0,-2.0)
:Sending Flip keyboardOpen=false
Got IOException performing flipjava.io.FileNotFoundException: /dev/input/event0: open failed: EACCES (Permission denied)
    // Injection Failed
:Sending Trackball (ACTION_MOVE): 0:(4.0,0.0)
    //[calendar_time:2026-01-18 02:58:51.489  system_uptime:2414193]
    // Sending event #7000
    //[calendar_time:2026-01-18 02:58:51.543  system_uptime:2414247]
    // Sending event #7000
:Sending Trackball (ACTION_MOVE): 0:(-5.0,2.0)
:Sending Trackball (ACTION_MOVE): 0:(-5.0,1.0)
:Sending Trackball (ACTION_MOVE): 0:(0.0,-2.0)
:Sending Trackball (ACTION_MOVE): 0:(1.0,0.0)
:Sending Trackball (ACTION_UP): 0:(0.0,0.0)
:Sending Flip keyboardOpen=true
Got IOException performing flipjava.io.FileNotFoundException: /dev/input/event0: open failed: EACCES (Permission denied)
    // Injection Failed
    //[calendar_time:2026-01-18 02:58:52.689  system_uptime:2415392]
    // Sending event #7100
    // Allowing start of Intent { act=android.intent.action.MAIN cat=[android.intent.category.HOME] cmp=com.google.android.apps.nexuslauncher/.NexusLauncherActivity } in package com.google.android.apps.nexuslauncher
:Sending Trackball (ACTION_MOVE): 0:(-1.0,-4.0)
    // Rejecting start of Intent { act=android.intent.action.MAIN cat=[android.intent.category.LAUNCHER] pkg=com.google.android.apps.messaging cmp=com.google.android.apps.messaging/.ui.ConversationListActivity } in package com.google.android.apps.messaging
:Sending Trackball (ACTION_MOVE): 0:(3.0,2.0)
:Sending Flip keyboardOpen=false
Got IOException performing flipjava.io.FileNotFoundException: /dev/input/event0: open failed: EACCES (Permission denied)
    // Injection Failed
    // Rejecting start of Intent { act=android.intent.action.MAIN cat=[android.intent.category.LAUNCHER] pkg=com.google.android.gm cmp=com.google.android.gm/.ConversationListActivityGmail } in package com.google.android.gm
:Switch: #Intent;action=android.intent.action.MAIN;category=android.intent.category.LAUNCHER;launchFlags=0x10200000;component=com.xuyutech.hongbaoshu/.MainActivity;end
    // Allowing start of Intent { act=android.intent.action.MAIN cat=[android.intent.category.LAUNCHER] cmp=com.xuyutech.hongbaoshu/.MainActivity } in package com.xuyutech.hongbaoshu
    //[calendar_time:2026-01-18 02:58:54.841  system_uptime:2417545]
    // Sending event #7200
:Sending Trackball (ACTION_MOVE): 0:(4.0,-5.0)
    //[calendar_time:2026-01-18 02:58:56.294  system_uptime:2418997]
    // Sending event #7300
:Sending Trackball (ACTION_MOVE): 0:(-5.0,-1.0)
:Sending Trackball (ACTION_MOVE): 0:(3.0,0.0)
    // Allowing start of Intent { act=android.intent.action.MAIN cat=[android.intent.category.HOME] cmp=com.google.android.apps.nexuslauncher/.NexusLauncherActivity } in package com.google.android.apps.nexuslauncher
:Switch: #Intent;action=android.intent.action.MAIN;category=android.intent.category.LAUNCHER;launchFlags=0x10200000;component=com.xuyutech.hongbaoshu/.MainActivity;end
    // Allowing start of Intent { act=android.intent.action.MAIN cat=[android.intent.category.LAUNCHER] cmp=com.xuyutech.hongbaoshu/.MainActivity } in package com.xuyutech.hongbaoshu
:Switch: #Intent;action=android.intent.action.MAIN;category=android.intent.category.LAUNCHER;launchFlags=0x10200000;component=com.xuyutech.hongbaoshu/.MainActivity;end
    // Allowing start of Intent { act=android.intent.action.MAIN cat=[android.intent.category.LAUNCHER] cmp=com.xuyutech.hongbaoshu/.MainActivity } in package com.xuyutech.hongbaoshu
:Sending Trackball (ACTION_MOVE): 0:(-1.0,0.0)
:Sending Trackball (ACTION_UP): 0:(0.0,0.0)
:Sending Trackball (ACTION_MOVE): 0:(-3.0,2.0)
:Sending Trackball (ACTION_MOVE): 0:(-1.0,3.0)
    //[calendar_time:2026-01-18 02:58:57.625  system_uptime:2420328]
    // Sending event #7400
    //[calendar_time:2026-01-18 02:58:57.676  system_uptime:2420380]
    // Sending event #7400
:Sending Trackball (ACTION_MOVE): 0:(-2.0,-3.0)
:Sending Trackball (ACTION_MOVE): 0:(-3.0,-1.0)
    //[calendar_time:2026-01-18 02:58:59.697  system_uptime:2422402]
    // Sending event #7500
:Sending Trackball (ACTION_MOVE): 0:(3.0,3.0)
:Switch: #Intent;action=android.intent.action.MAIN;category=android.intent.category.LAUNCHER;launchFlags=0x10200000;component=com.xuyutech.hongbaoshu/.MainActivity;end
    // Allowing start of Intent { act=android.intent.action.MAIN cat=[android.intent.category.LAUNCHER] cmp=com.xuyutech.hongbaoshu/.MainActivity } in package com.xuyutech.hongbaoshu
:Switch: #Intent;action=android.intent.action.MAIN;category=android.intent.category.LAUNCHER;launchFlags=0x10200000;component=com.xuyutech.hongbaoshu/.MainActivity;end
    // Allowing start of Intent { act=android.intent.action.MAIN cat=[android.intent.category.LAUNCHER] cmp=com.xuyutech.hongbaoshu/.MainActivity } in package com.xuyutech.hongbaoshu
:Switch: #Intent;action=android.intent.action.MAIN;category=android.intent.category.LAUNCHER;launchFlags=0x10200000;component=com.xuyutech.hongbaoshu/.MainActivity;end
    // Allowing start of Intent { act=android.intent.action.MAIN cat=[android.intent.category.LAUNCHER] cmp=com.xuyutech.hongbaoshu/.MainActivity } in package com.xuyutech.hongbaoshu
:Sending Trackball (ACTION_MOVE): 0:(1.0,3.0)
    //[calendar_time:2026-01-18 02:59:01.542  system_uptime:2424246]
    // Sending event #7600
    // Rejecting start of Intent { act=android.intent.action.CALL_BUTTON cmp=com.google.android.dialer/com.android.dialer.main.impl.MainActivity } in package com.google.android.dialer
:Sending Trackball (ACTION_MOVE): 0:(0.0,1.0)
:Sending Trackball (ACTION_MOVE): 0:(4.0,3.0)
    // Rejecting start of Intent { act=android.intent.action.MAIN cat=[android.intent.category.LAUNCHER] pkg=com.google.android.gm cmp=com.google.android.gm/.ConversationListActivityGmail } in package com.google.android.gm
:Sending Trackball (ACTION_MOVE): 0:(0.0,-3.0)
    // Rejecting start of Intent { act=android.intent.action.MAIN cat=[android.intent.category.LAUNCHER] pkg=com.google.android.gm cmp=com.google.android.gm/.ConversationListActivityGmail } in package com.google.android.gm
:Sending Trackball (ACTION_MOVE): 0:(-1.0,1.0)
    //[calendar_time:2026-01-18 02:59:02.918  system_uptime:2425622]
    // Sending event #7700
    // Rejecting start of Intent { act=android.intent.action.VIEW dat=content://com.android.calendar/... cmp=com.google.android.calendar/com.android.calendar.AllInOneActivity } in package com.google.android.calendar
    // Rejecting start of Intent { act=android.intent.action.MAIN cat=[android.intent.category.LAUNCHER] pkg=com.google.android.gm cmp=com.google.android.gm/.ConversationListActivityGmail } in package com.google.android.gm
:Switch: #Intent;action=android.intent.action.MAIN;category=android.intent.category.LAUNCHER;launchFlags=0x10200000;component=com.xuyutech.hongbaoshu/.MainActivity;end
    // Allowing start of Intent { act=android.intent.action.MAIN cat=[android.intent.category.LAUNCHER] cmp=com.xuyutech.hongbaoshu/.MainActivity } in package com.xuyutech.hongbaoshu
:Sending Trackball (ACTION_MOVE): 0:(-2.0,3.0)
:Sending Trackball (ACTION_MOVE): 0:(-3.0,0.0)
:Sending Flip keyboardOpen=true
Got IOException performing flipjava.io.FileNotFoundException: /dev/input/event0: open failed: EACCES (Permission denied)
    // Injection Failed
:Sending Trackball (ACTION_MOVE): 0:(4.0,-5.0)
:Sending Trackball (ACTION_UP): 0:(0.0,0.0)
:Switch: #Intent;action=android.intent.action.MAIN;category=android.intent.category.LAUNCHER;launchFlags=0x10200000;component=com.xuyutech.hongbaoshu/.MainActivity;end
    // Allowing start of Intent { act=android.intent.action.MAIN cat=[android.intent.category.LAUNCHER] cmp=com.xuyutech.hongbaoshu/.MainActivity } in package com.xuyutech.hongbaoshu
    // Allowing start of Intent { act=android.intent.action.MAIN cat=[android.intent.category.HOME] cmp=com.google.android.apps.nexuslauncher/.NexusLauncherActivity } in package com.google.android.apps.nexuslauncher
    //[calendar_time:2026-01-18 02:59:04.457  system_uptime:2427163]
    // Sending event #7800
:Sending Trackball (ACTION_MOVE): 0:(-4.0,4.0)
:Sending Trackball (ACTION_MOVE): 0:(-1.0,1.0)
    // Rejecting start of Intent { act=android.intent.action.CALL_BUTTON cmp=com.google.android.dialer/com.android.dialer.main.impl.MainActivity } in package com.google.android.dialer
    // Rejecting start of Intent { act=android.intent.action.VIEW dat=content://com.android.calendar/... cmp=com.google.android.calendar/com.android.calendar.AllInOneActivity } in package com.google.android.calendar
:Sending Trackball (ACTION_MOVE): 0:(-5.0,-4.0)
    // Rejecting start of Intent { act=android.intent.action.VIEW dat=content://com.android.calendar/... cmp=com.google.android.calendar/com.android.calendar.AllInOneActivity } in package com.google.android.calendar
    // Rejecting start of Intent { act=android.intent.action.VIEW dat=content://com.android.calendar/... cmp=com.google.android.calendar/com.android.calendar.AllInOneActivity } in package com.google.android.calendar
    // Rejecting start of Intent { act=android.intent.action.SET_WALLPAPER pkg=com.google.android.apps.wallpaper cmp=com.google.android.apps.wallpaper/com.android.customization.picker.CustomizationPickerActivity } in package com.google.android.apps.wallpaper
:Sending Trackball (ACTION_MOVE): 0:(2.0,-5.0)
    //[calendar_time:2026-01-18 02:59:06.119  system_uptime:2428822]
    // Sending event #7900
:Sending Trackball (ACTION_MOVE): 0:(0.0,0.0)
:Sending Trackball (ACTION_MOVE): 0:(-3.0,0.0)
:Sending Trackball (ACTION_MOVE): 0:(0.0,1.0)
    //[calendar_time:2026-01-18 02:59:07.324  system_uptime:2430030]
    // Sending event #8000
    //[calendar_time:2026-01-18 02:59:07.377  system_uptime:2430081]
    // Sending event #8000
:Sending Trackball (ACTION_MOVE): 0:(-4.0,-5.0)
:Sending Trackball (ACTION_MOVE): 0:(-2.0,0.0)
:Switch: #Intent;action=android.intent.action.MAIN;category=android.intent.category.LAUNCHER;launchFlags=0x10200000;component=com.xuyutech.hongbaoshu/.MainActivity;end
    // Allowing start of Intent { act=android.intent.action.MAIN cat=[android.intent.category.LAUNCHER] cmp=com.xuyutech.hongbaoshu/.MainActivity } in package com.xuyutech.hongbaoshu
:Switch: #Intent;action=android.intent.action.MAIN;category=android.intent.category.LAUNCHER;launchFlags=0x10200000;component=com.xuyutech.hongbaoshu/.MainActivity;end
    // Allowing start of Intent { act=android.intent.action.MAIN cat=[android.intent.category.LAUNCHER] cmp=com.xuyutech.hongbaoshu/.MainActivity } in package com.xuyutech.hongbaoshu
:Sending Trackball (ACTION_MOVE): 0:(4.0,4.0)
:Switch: #Intent;action=android.intent.action.MAIN;category=android.intent.category.LAUNCHER;launchFlags=0x10200000;component=com.xuyutech.hongbaoshu/.MainActivity;end
    // Allowing start of Intent { act=android.intent.action.MAIN cat=[android.intent.category.LAUNCHER] cmp=com.xuyutech.hongbaoshu/.MainActivity } in package com.xuyutech.hongbaoshu
:Sending Trackball (ACTION_MOVE): 0:(-3.0,0.0)
:Sending Trackball (ACTION_MOVE): 0:(-1.0,-3.0)
    //[calendar_time:2026-01-18 02:59:08.966  system_uptime:2431670]
    // Sending event #8100
:Sending Trackball (ACTION_MOVE): 0:(4.0,-1.0)
:Sending Trackball (ACTION_MOVE): 0:(-5.0,-2.0)
:Sending Trackball (ACTION_MOVE): 0:(4.0,1.0)
:Sending Trackball (ACTION_MOVE): 0:(4.0,-5.0)
:Sending Trackball (ACTION_MOVE): 0:(2.0,-3.0)
    //[calendar_time:2026-01-18 02:59:10.330  system_uptime:2433033]
    // Sending event #8200
:Sending Trackball (ACTION_UP): 0:(0.0,0.0)
    // Rejecting start of Intent { act=android.intent.action.MAIN cat=[android.intent.category.LAUNCHER] cmp=com.google.android.deskclock/com.android.deskclock.DeskClock } in package com.google.android.deskclock
    // Rejecting start of Intent { act=android.intent.action.MAIN cat=[android.intent.category.LAUNCHER] cmp=com.google.android.youtube/.app.honeycomb.Shell$HomeActivity } in package com.google.android.youtube
:Sending Trackball (ACTION_MOVE): 0:(-5.0,-1.0)
:Sending Trackball (ACTION_UP): 0:(0.0,0.0)
:Sending Trackball (ACTION_MOVE): 0:(3.0,0.0)
    // Rejecting start of Intent { act=android.intent.action.MAIN cmp=com.google.android.inputmethod.latin/com.google.android.apps.inputmethod.latin.preference.SettingsActivity } in package com.google.android.inputmethod.latin
:Sending Trackball (ACTION_MOVE): 0:(0.0,2.0)
:Sending Trackball (ACTION_MOVE): 0:(-4.0,-1.0)
    //[calendar_time:2026-01-18 02:59:11.883  system_uptime:2434587]
    // Sending event #8300
:Sending Trackball (ACTION_UP): 0:(0.0,0.0)
:Sending Trackball (ACTION_MOVE): 0:(-4.0,-4.0)
:Sending Trackball (ACTION_MOVE): 0:(-3.0,-2.0)
:Switch: #Intent;action=android.intent.action.MAIN;category=android.intent.category.LAUNCHER;launchFlags=0x10200000;component=com.xuyutech.hongbaoshu/.MainActivity;end
    // Allowing start of Intent { act=android.intent.action.MAIN cat=[android.intent.category.LAUNCHER] cmp=com.xuyutech.hongbaoshu/.MainActivity } in package com.xuyutech.hongbaoshu
:Sending Trackball (ACTION_MOVE): 0:(-5.0,-3.0)
    //[calendar_time:2026-01-18 02:59:13.382  system_uptime:2436086]
    // Sending event #8400
    //[calendar_time:2026-01-18 02:59:13.433  system_uptime:2436136]
    // Sending event #8400
    // Rejecting start of Intent { act=android.intent.action.EDIT dat=content://media/... typ=image/png cmp=com.google.android.markup/.AnnotateActivity } in package com.google.android.markup
:Sending Trackball (ACTION_MOVE): 0:(4.0,-2.0)
:Sending Trackball (ACTION_MOVE): 0:(-4.0,0.0)
:Sending Trackball (ACTION_MOVE): 0:(3.0,-4.0)
:Switch: #Intent;action=android.intent.action.MAIN;category=android.intent.category.LAUNCHER;launchFlags=0x10200000;component=com.xuyutech.hongbaoshu/.MainActivity;end
    // Allowing start of Intent { act=android.intent.action.MAIN cat=[android.intent.category.LAUNCHER] cmp=com.xuyutech.hongbaoshu/.MainActivity } in package com.xuyutech.hongbaoshu
:Sending Trackball (ACTION_MOVE): 0:(-3.0,-1.0)
:Sending Trackball (ACTION_UP): 0:(0.0,0.0)
    // Rejecting start of Intent { act=android.intent.action.MAIN cat=[android.intent.category.LAUNCHER] cmp=com.google.android.gm/.ConversationListActivityGmail } in package com.google.android.gm
:Sending Trackball (ACTION_MOVE): 0:(0.0,-2.0)
:Sending Trackball (ACTION_UP): 0:(0.0,0.0)
:Sending Trackball (ACTION_MOVE): 0:(-1.0,1.0)
:Sending Trackball (ACTION_MOVE): 0:(-1.0,-4.0)
    //[calendar_time:2026-01-18 02:59:14.385  system_uptime:2437220]
    // Sending event #8500
:Sending Trackball (ACTION_MOVE): 0:(-5.0,-5.0)
:Switch: #Intent;action=android.intent.action.MAIN;category=android.intent.category.LAUNCHER;launchFlags=0x10200000;component=com.xuyutech.hongbaoshu/.MainActivity;end
    // Allowing start of Intent { act=android.intent.action.MAIN cat=[android.intent.category.LAUNCHER] cmp=com.xuyutech.hongbaoshu/.MainActivity } in package com.xuyutech.hongbaoshu
:Sending Trackball (ACTION_MOVE): 0:(4.0,-1.0)
:Sending Trackball (ACTION_MOVE): 0:(0.0,-1.0)
:Sending Trackball (ACTION_MOVE): 0:(0.0,-1.0)
    //[calendar_time:2026-01-18 02:59:15.741  system_uptime:2438446]
    // Sending event #8600
    //[calendar_time:2026-01-18 02:59:15.792  system_uptime:2438496]
    // Sending event #8600
    // Rejecting start of Intent { act=android.intent.action.CALL_BUTTON cmp=com.google.android.dialer/com.android.dialer.main.impl.MainActivity } in package com.google.android.dialer
:Sending Flip keyboardOpen=false
Got IOException performing flipjava.io.FileNotFoundException: /dev/input/event0: open failed: EACCES (Permission denied)
    // Injection Failed
:Sending Trackball (ACTION_MOVE): 0:(3.0,3.0)
:Sending Trackball (ACTION_MOVE): 0:(-2.0,-2.0)
:Sending Flip keyboardOpen=true
Got IOException performing flipjava.io.FileNotFoundException: /dev/input/event0: open failed: EACCES (Permission denied)
    // Injection Failed
:Sending Trackball (ACTION_MOVE): 0:(2.0,-5.0)
:Sending Flip keyboardOpen=false
Got IOException performing flipjava.io.FileNotFoundException: /dev/input/event0: open failed: EACCES (Permission denied)
    // Injection Failed
:Sending Trackball (ACTION_MOVE): 0:(-1.0,0.0)
    //[calendar_time:2026-01-18 02:59:17.209  system_uptime:2439913]
    // Sending event #8700
:Sending Trackball (ACTION_MOVE): 0:(-5.0,1.0)
:Sending Trackball (ACTION_MOVE): 0:(3.0,-4.0)
:Sending Trackball (ACTION_MOVE): 0:(-5.0,4.0)
:Sending Trackball (ACTION_MOVE): 0:(1.0,-5.0)
:Sending Trackball (ACTION_MOVE): 0:(4.0,-2.0)
:Sending Trackball (ACTION_MOVE): 0:(-3.0,3.0)
    //[calendar_time:2026-01-18 02:59:18.411  system_uptime:2441114]
    // Sending event #8800
:Sending Trackball (ACTION_MOVE): 0:(-5.0,3.0)
:Sending Flip keyboardOpen=true
Got IOException performing flipjava.io.FileNotFoundException: /dev/input/event0: open failed: EACCES (Permission denied)
    // Injection Failed
:Switch: #Intent;action=android.intent.action.MAIN;category=android.intent.category.LAUNCHER;launchFlags=0x10200000;component=com.xuyutech.hongbaoshu/.MainActivity;end
    // Allowing start of Intent { act=android.intent.action.MAIN cat=[android.intent.category.LAUNCHER] cmp=com.xuyutech.hongbaoshu/.MainActivity } in package com.xuyutech.hongbaoshu
    // Allowing start of Intent { act=android.intent.action.MAIN cat=[android.intent.category.HOME] cmp=com.google.android.apps.nexuslauncher/.NexusLauncherActivity } in package com.google.android.apps.nexuslauncher
:Sending Trackball (ACTION_MOVE): 0:(-5.0,4.0)
:Sending Trackball (ACTION_UP): 0:(0.0,0.0)
    // Rejecting start of Intent { act=android.intent.action.APPLICATION_PREFERENCES pkg=com.google.android.apps.nexuslauncher cmp=com.google.android.apps.nexuslauncher/com.android.launcher3.settings.SettingsActivity } in package com.google.android.apps.nexuslauncher
:Sending Trackball (ACTION_MOVE): 0:(-4.0,1.0)
    // Rejecting start of Intent { act=android.intent.action.VIEW dat=content://com.android.calendar/... cmp=com.google.android.calendar/com.android.calendar.AllInOneActivity } in package com.google.android.calendar
:Sending Trackball (ACTION_MOVE): 0:(-5.0,3.0)
    //[calendar_time:2026-01-18 02:59:19.524  system_uptime:2442227]
    // Sending event #8900
    // Rejecting start of Intent { act=android.intent.action.MAIN cat=[android.intent.category.LAUNCHER] cmp=com.android.camera2/com.android.camera.CameraLauncher } in package com.android.camera2
    // Rejecting start of Intent { act=android.intent.action.MAIN cat=[android.intent.category.LAUNCHER] cmp=com.android.camera2/com.android.camera.CameraLauncher } in package com.android.camera2
:Sending Trackball (ACTION_MOVE): 0:(-3.0,0.0)
    // Rejecting start of Intent { act=android.intent.action.MAIN cat=[android.intent.category.LAUNCHER] cmp=com.google.android.apps.youtube.music/.activities.MusicActivity } in package com.google.android.apps.youtube.music
    // Rejecting start of Intent { act=android.intent.action.MAIN cat=[android.intent.category.LAUNCHER] cmp=com.google.android.apps.photos/.home.HomeActivity } in package com.google.android.apps.photos
:Sending Trackball (ACTION_MOVE): 0:(-1.0,-2.0)
:Sending Trackball (ACTION_MOVE): 0:(3.0,-4.0)
    //[calendar_time:2026-01-18 02:59:20.390  system_uptime:2443093]
    // Sending event #9000
    //[calendar_time:2026-01-18 02:59:20.440  system_uptime:2443143]
    // Sending event #9000
:Sending Trackball (ACTION_MOVE): 0:(-2.0,2.0)
:Sending Trackball (ACTION_MOVE): 0:(2.0,3.0)
:Sending Trackball (ACTION_MOVE): 0:(-3.0,2.0)
:Sending Trackball (ACTION_MOVE): 0:(1.0,4.0)
    // Rejecting start of Intent { act=android.intent.action.VIEW dat=https://support.google.com/... cmp=com.android.chrome/com.google.android.apps.chrome.IntentDispatcher } in package com.android.chrome
    // Rejecting start of Intent { act=android.intent.action.MAIN cat=[android.intent.category.LAUNCHER] cmp=com.google.android.gm/.ConversationListActivityGmail } in package com.google.android.gm
    // Rejecting start of Intent { act=android.intent.action.CALL_BUTTON cmp=com.google.android.dialer/com.android.dialer.main.impl.MainActivity } in package com.google.android.dialer
    // Rejecting start of Intent { act=android.intent.action.CALL_BUTTON cmp=com.google.android.dialer/com.android.dialer.main.impl.MainActivity } in package com.google.android.dialer
:Sending Trackball (ACTION_MOVE): 0:(3.0,-5.0)
    //[calendar_time:2026-01-18 02:59:22.077  system_uptime:2444780]
    // Sending event #9100
:Sending Trackball (ACTION_MOVE): 0:(-4.0,0.0)
:Sending Trackball (ACTION_UP): 0:(0.0,0.0)
:Sending Trackball (ACTION_MOVE): 0:(4.0,-4.0)
    // Rejecting start of Intent { act=android.intent.action.VIEW dat=content://com.android.calendar/... cmp=com.google.android.calendar/com.android.calendar.AllInOneActivity } in package com.google.android.calendar
:Sending Trackball (ACTION_MOVE): 0:(3.0,-5.0)
    // Rejecting start of Intent { act=android.intent.action.VIEW dat=content://com.android.calendar/... cmp=com.google.android.calendar/com.android.calendar.AllInOneActivity } in package com.google.android.calendar
    //[calendar_time:2026-01-18 02:59:23.289  system_uptime:2445993]
    // Sending event #9200
    //[calendar_time:2026-01-18 02:59:23.342  system_uptime:2446046]
    // Sending event #9200
    // Rejecting start of Intent { act=android.intent.action.VIEW dat=content://com.android.calendar/... cmp=com.google.android.calendar/com.android.calendar.AllInOneActivity } in package com.google.android.calendar
    // Rejecting start of Intent { act=android.intent.action.SET_WALLPAPER pkg=com.google.android.apps.wallpaper cmp=com.google.android.apps.wallpaper/com.android.customization.picker.CustomizationPickerActivity } in package com.google.android.apps.wallpaper
:Sending Trackball (ACTION_MOVE): 0:(-5.0,-2.0)
    // Rejecting start of Intent { act=android.intent.action.MAIN cat=[android.intent.category.LAUNCHER] pkg=com.google.android.gm cmp=com.google.android.gm/.ConversationListActivityGmail } in package com.google.android.gm
:Switch: #Intent;action=android.intent.action.MAIN;category=android.intent.category.LAUNCHER;launchFlags=0x10200000;component=com.xuyutech.hongbaoshu/.MainActivity;end
    // Allowing start of Intent { act=android.intent.action.MAIN cat=[android.intent.category.LAUNCHER] cmp=com.xuyutech.hongbaoshu/.MainActivity } in package com.xuyutech.hongbaoshu
:Sending Trackball (ACTION_MOVE): 0:(-3.0,3.0)
:Sending Trackball (ACTION_MOVE): 0:(1.0,-2.0)
    //[calendar_time:2026-01-18 02:59:25.400  system_uptime:2448104]
    // Sending event #9300
    //[calendar_time:2026-01-18 02:59:25.452  system_uptime:2448155]
    // Sending event #9300
:Sending Trackball (ACTION_MOVE): 0:(-5.0,1.0)
:Sending Trackball (ACTION_UP): 0:(0.0,0.0)
:Sending Trackball (ACTION_MOVE): 0:(-2.0,1.0)
:Sending Trackball (ACTION_UP): 0:(0.0,0.0)
:Sending Trackball (ACTION_MOVE): 0:(-3.0,3.0)
:Sending Trackball (ACTION_MOVE): 0:(0.0,2.0)
    // Rejecting start of Intent { act=android.intent.action.ALL_APPS cmp=com.google.android.apps.nexuslauncher/.NexusLauncherActivity } in package com.google.android.apps.nexuslauncher
:Sending Trackball (ACTION_MOVE): 0:(-3.0,4.0)
    //[calendar_time:2026-01-18 02:59:26.451  system_uptime:2449155]
    // Sending event #9400
    // Rejecting start of Intent { act=android.intent.action.MAIN cat=[android.intent.category.LAUNCHER] cmp=com.google.android.apps.messaging/.ui.ConversationListActivity } in package com.google.android.apps.messaging
    // Rejecting start of Intent { act=android.intent.action.MAIN cat=[android.intent.category.LAUNCHER] cmp=com.google.android.documentsui/com.android.documentsui.LauncherActivity } in package com.google.android.documentsui
    // Rejecting start of Intent { act=android.intent.action.MAIN cat=[android.intent.category.LAUNCHER] cmp=com.android.chrome/com.google.android.apps.chrome.Main } in package com.android.chrome
    // Allowing start of Intent { act=android.intent.action.MAIN cat=[android.intent.category.LAUNCHER] cmp=com.xuyutech.hongbaoshu/.MainActivity } in package com.xuyutech.hongbaoshu
:Sending Trackball (ACTION_MOVE): 0:(-2.0,1.0)
:Sending Trackball (ACTION_MOVE): 0:(0.0,3.0)
    //[calendar_time:2026-01-18 02:59:27.963  system_uptime:2450667]
    // Sending event #9500
    // Rejecting start of Intent { act=android.intent.action.MAIN cat=[android.intent.category.LAUNCHER] pkg=com.android.chrome cmp=com.android.chrome/com.google.android.apps.chrome.Main } in package com.android.chrome
:Sending Trackball (ACTION_MOVE): 0:(-1.0,-4.0)
:Sending Trackball (ACTION_MOVE): 0:(-3.0,0.0)
:Sending Trackball (ACTION_UP): 0:(0.0,0.0)
:Sending Trackball (ACTION_MOVE): 0:(1.0,-3.0)
:Sending Trackball (ACTION_UP): 0:(0.0,0.0)
    //[calendar_time:2026-01-18 02:59:29.195  system_uptime:2451899]
    // Sending event #9600
    // Allowing start of Intent { act=android.intent.action.MAIN cat=[android.intent.category.HOME] cmp=com.google.android.apps.nexuslauncher/.NexusLauncherActivity } in package com.google.android.apps.nexuslauncher
:Sending Trackball (ACTION_MOVE): 0:(0.0,-2.0)
:Sending Trackball (ACTION_MOVE): 0:(4.0,-2.0)
    // Rejecting start of Intent { act=android.intent.action.MAIN cat=[android.intent.category.LAUNCHER] cmp=com.android.camera2/com.android.camera.CameraLauncher } in package com.android.camera2
:Sending Trackball (ACTION_MOVE): 0:(-2.0,-2.0)
:Sending Flip keyboardOpen=false
Got IOException performing flipjava.io.FileNotFoundException: /dev/input/event0: open failed: EACCES (Permission denied)
    // Injection Failed
:Sending Trackball (ACTION_MOVE): 0:(4.0,0.0)
    //[calendar_time:2026-01-18 02:59:30.321  system_uptime:2453025]
    // Sending event #9700
:Sending Trackball (ACTION_MOVE): 0:(-1.0,-3.0)
:Sending Trackball (ACTION_MOVE): 0:(0.0,-5.0)
:Sending Trackball (ACTION_MOVE): 0:(-5.0,-4.0)
    // Rejecting start of Intent { act=android.intent.action.VIEW dat=https://support.google.com/... cmp=com.android.chrome/com.google.android.apps.chrome.IntentDispatcher } in package com.android.chrome
:Sending Flip keyboardOpen=true
Got IOException performing flipjava.io.FileNotFoundException: /dev/input/event0: open failed: EACCES (Permission denied)
    // Injection Failed
    //[calendar_time:2026-01-18 02:59:31.532  system_uptime:2454235]
    // Sending event #9800
    // Allowing start of Intent { act=android.intent.action.MAIN cat=[android.intent.category.HOME] cmp=com.google.android.apps.nexuslauncher/.NexusLauncherActivity } in package com.google.android.apps.nexuslauncher
:Sending Trackball (ACTION_MOVE): 0:(-5.0,-4.0)
    // Rejecting start of Intent { act=android.intent.action.CALL_BUTTON cmp=com.google.android.dialer/com.android.dialer.main.impl.MainActivity } in package com.google.android.dialer
    // Rejecting start of Intent { act=android.intent.action.VIEW dat=content://com.android.calendar/... cmp=com.google.android.calendar/com.android.calendar.AllInOneActivity } in package com.google.android.calendar
:Sending Flip keyboardOpen=false
Got IOException performing flipjava.io.FileNotFoundException: /dev/input/event0: open failed: EACCES (Permission denied)
    // Injection Failed
:Sending Trackball (ACTION_MOVE): 0:(-4.0,-2.0)
:Sending Flip keyboardOpen=true
Got IOException performing flipjava.io.FileNotFoundException: /dev/input/event0: open failed: EACCES (Permission denied)
    // Injection Failed
    // Rejecting start of Intent { act=android.intent.action.VIEW dat=content://com.android.calendar/... cmp=com.google.android.calendar/com.android.calendar.AllInOneActivity } in package com.google.android.calendar
:Switch: #Intent;action=android.intent.action.MAIN;category=android.intent.category.LAUNCHER;launchFlags=0x10200000;component=com.xuyutech.hongbaoshu/.MainActivity;end
    // Allowing start of Intent { act=android.intent.action.MAIN cat=[android.intent.category.LAUNCHER] cmp=com.xuyutech.hongbaoshu/.MainActivity } in package com.xuyutech.hongbaoshu
:Switch: #Intent;action=android.intent.action.MAIN;category=android.intent.category.LAUNCHER;launchFlags=0x10200000;component=com.xuyutech.hongbaoshu/.MainActivity;end
    // Allowing start of Intent { act=android.intent.action.MAIN cat=[android.intent.category.LAUNCHER] cmp=com.xuyutech.hongbaoshu/.MainActivity } in package com.xuyutech.hongbaoshu
:Switch: #Intent;action=android.intent.action.MAIN;category=android.intent.category.LAUNCHER;launchFlags=0x10200000;component=com.xuyutech.hongbaoshu/.MainActivity;end
    // Allowing start of Intent { act=android.intent.action.MAIN cat=[android.intent.category.LAUNCHER] cmp=com.xuyutech.hongbaoshu/.MainActivity } in package com.xuyutech.hongbaoshu
    // Rejecting start of Intent { act=android.intent.action.CALL_BUTTON cmp=com.google.android.dialer/com.android.dialer.main.impl.MainActivity } in package com.google.android.dialer
:Sending Trackball (ACTION_MOVE): 0:(-4.0,0.0)
:Sending Trackball (ACTION_MOVE): 0:(-3.0,1.0)
:Sending Trackball (ACTION_MOVE): 0:(3.0,-2.0)
    //[calendar_time:2026-01-18 02:59:33.023  system_uptime:2455727]
    // Sending event #9900
:Sending Trackball (ACTION_MOVE): 0:(4.0,4.0)
:Sending Trackball (ACTION_UP): 0:(0.0,0.0)
:Sending Trackball (ACTION_MOVE): 0:(3.0,-2.0)
:Sending Trackball (ACTION_MOVE): 0:(-3.0,-5.0)
:Sending Trackball (ACTION_UP): 0:(0.0,0.0)
:Sending Trackball (ACTION_MOVE): 0:(-1.0,1.0)
Events injected: 10000
:Sending rotation degree=0, persist=false
:Dropped: keys=0 pointers=0 trackballs=0 flips=26 rotations=0
## Network stats: elapsed time=143405ms (0ms mobile, 0ms wifi, 143405ms not connected)
// Monkey finished
